[1004/124257.348:ERROR:process_memory_win.cc(73)] ReadMemory at 0x7ff697750000 of 64 bytes failed: Only part of a ReadProcessMemory or WriteProcessMemory request was completed. (0x12B)
[1004/124300.379:WARNING:pe_image_reader.cc(340)] could not read dos header from C:\Program Files (x86)\Google\Chrome\Application\chrome.exe
[1004/124300.379:ERROR:process_memory_win.cc(73)] ReadMemory at 0x7ff9246e0000 of 64 bytes failed: Only part of a ReadProcessMemory or WriteProcessMemory request was completed. (0x12B)
[1004/124300.379:WARNING:pe_image_reader.cc(340)] could not read dos header from C:\WINDOWS\SYSTEM32\ntdll.dll
[1004/124300.380:ERROR:process_memory_win.cc(73)] ReadMemory at 0x7ff922c50000 of 64 bytes failed: Only part of a ReadProcessMemory or WriteProcessMemory request was completed. (0x12B)
[1004/124300.380:WARNING:pe_image_reader.cc(340)] could not read dos header from C:\WINDOWS\System32\KERNEL32.DLL
[1004/124300.381:ERROR:process_memory_win.cc(73)] ReadMemory at 0x7ff922310000 of 64 bytes failed: Only part of a ReadProcessMemory or WriteProcessMemory request was completed. (0x12B)
[1004/124300.381:WARNING:pe_image_reader.cc(340)] could not read dos header from C:\WINDOWS\System32\KERNELBASE.dll
[1004/124300.381:ERROR:process_memory_win.cc(73)] ReadMemory at 0x7ff8f6070000 of 64 bytes failed: Only part of a ReadProcessMemory or WriteProcessMemory request was completed. (0x12B)
[1004/124300.381:WARNING:pe_image_reader.cc(340)] could not read dos header from C:\Program Files (x86)\Google\Chrome\Application\85.0.4183.121\chrome_elf.dll
[1004/124300.381:ERROR:process_memory_win.cc(73)] ReadMemory at 0x7ff9154d0000 of 64 bytes failed: Only part of a ReadProcessMemory or WriteProcessMemory request was completed. (0x12B)
[1004/124300.381:WARNING:pe_image_reader.cc(340)] could not read dos header from C:\WINDOWS\SYSTEM32\VERSION.dll
[1004/124300.381:ERROR:process_memory_win.cc(73)] ReadMemory at 0x7ff923840000 of 64 bytes failed: Only part of a ReadProcessMemory or WriteProcessMemory request was completed. (0x12B)
[1004/124300.382:WARNING:pe_image_reader.cc(340)] could not read dos header from C:\WINDOWS\System32\msvcrt.dll
[1004/124300.382:ERROR:process_memory_win.cc(73)] ReadMemory at 0x7ff9226a0000 of 64 bytes failed: Only part of a ReadProcessMemory or WriteProcessMemory request was completed. (0x12B)
[1004/124300.382:WARNING:pe_image_reader.cc(340)] could not read dos header from C:\WINDOWS\System32\bcryptPrimitives.dll
[1004/124300.382:ERROR:process_memory_win.cc(73)] ReadMemory at 0x7ff923a40000 of 64 bytes failed: Only part of a ReadProcessMemory or WriteProcessMemory request was completed. (0x12B)
[1004/124300.382:WARNING:pe_image_reader.cc(340)] could not read dos header from C:\WINDOWS\System32\ADVAPI32.dll
[1004/124300.383:ERROR:process_memory_win.cc(73)] ReadMemory at 0x7ff923af0000 of 64 bytes failed: Only part of a ReadProcessMemory or WriteProcessMemory request was completed. (0x12B)
[1004/124300.383:WARNING:pe_image_reader.cc(340)] could not read dos header from C:\WINDOWS\System32\sechost.dll
[1004/124300.383:ERROR:process_memory_win.cc(73)] ReadMemory at 0x7ff923dc0000 of 64 bytes failed: Only part of a ReadProcessMemory or WriteProcessMemory request was completed. (0x12B)
[1004/124300.383:WARNING:pe_image_reader.cc(340)] could not read dos header from C:\WINDOWS\System32\RPCRT4.dll
[1004/124300.383:ERROR:process_memory_win.cc(73)] ReadMemory at 0x7ff8ca1f0000 of 64 bytes failed: Only part of a ReadProcessMemory or WriteProcessMemory request was completed. (0x12B)
[1004/124300.383:WARNING:pe_image_reader.cc(340)] could not read dos header from C:\Program Files (x86)\Google\Chrome\Application\85.0.4183.121\chrome.dll
[1004/124300.383:ERROR:process_memory_win.cc(73)] ReadMemory at 0x7ff922b80000 of 64 bytes failed: Only part of a ReadProcessMemory or WriteProcessMemory request was completed. (0x12B)
[1004/124300.383:WARNING:pe_image_reader.cc(340)] could not read dos header from C:\WINDOWS\System32\WS2_32.dll
[1004/124300.384:ERROR:process_memory_win.cc(73)] ReadMemory at 0x7ff923ee0000 of 64 bytes failed: Only part of a ReadProcessMemory or WriteProcessMemory request was completed. (0x12B)
[1004/124300.384:WARNING:pe_image_reader.cc(340)] could not read dos header from C:\WINDOWS\System32\OLEAUT32.dll
[1004/124300.384:ERROR:process_memory_win.cc(73)] ReadMemory at 0x7ff9218f0000 of 64 bytes failed: Only part of a ReadProcessMemory or WriteProcessMemory request was completed. (0x12B)
[1004/124300.384:WARNING:pe_image_reader.cc(340)] could not read dos header from C:\WINDOWS\System32\msvcp_win.dll
[1004/124300.384:ERROR:process_memory_win.cc(73)] ReadMemory at 0x7ff922210000 of 64 bytes failed: Only part of a ReadProcessMemory or WriteProcessMemory request was completed. (0x12B)
[1004/124300.384:WARNING:pe_image_reader.cc(340)] could not read dos header from C:\WINDOWS\System32\ucrtbase.dll
[1004/124300.384:ERROR:process_memory_win.cc(73)] ReadMemory at 0x7ff922fa0000 of 64 bytes failed: Only part of a ReadProcessMemory or WriteProcessMemory request was completed. (0x12B)
[1004/124300.385:WARNING:pe_image_reader.cc(340)] could not read dos header from C:\WINDOWS\System32\combase.dll
[1004/124300.385:ERROR:process_memory_win.cc(73)] ReadMemory at 0x7ff922160000 of 64 bytes failed: Only part of a ReadProcessMemory or WriteProcessMemory request was completed. (0x12B)
[1004/124300.385:WARNING:pe_image_reader.cc(340)] could not read dos header from C:\WINDOWS\System32\WINTRUST.dll
[1004/124300.385:ERROR:process_memory_win.cc(73)] ReadMemory at 0x7ff921690000 of 64 bytes failed: Only part of a ReadProcessMemory or WriteProcessMemory request was completed. (0x12B)
[1004/124300.385:WARNING:pe_image_reader.cc(340)] could not read dos header from C:\WINDOWS\System32\MSASN1.dll
[1004/124300.385:ERROR:process_memory_win.cc(73)] ReadMemory at 0x7ff922720000 of 64 bytes failed: Only part of a ReadProcessMemory or WriteProcessMemory request was completed. (0x12B)
[1004/124300.385:WARNING:pe_image_reader.cc(340)] could not read dos header from C:\WINDOWS\System32\CRYPT32.dll
[1004/124300.385:ERROR:process_memory_win.cc(73)] ReadMemory at 0x7ff920be0000 of 64 bytes failed: Only part of a ReadProcessMemory or WriteProcessMemory request was completed. (0x12B)
[1004/124300.386:WARNING:pe_image_reader.cc(340)] could not read dos header from C:\WINDOWS\SYSTEM32\IPHLPAPI.DLL
[1004/124300.386:ERROR:process_memory_win.cc(73)] ReadMemory at 0x7ff91d5a0000 of 64 bytes failed: Only part of a ReadProcessMemory or WriteProcessMemory request was completed. (0x12B)
[1004/124300.386:WARNING:pe_image_reader.cc(340)] could not read dos header from C:\WINDOWS\SYSTEM32\WINMM.dll
[1004/124300.386:ERROR:process_memory_win.cc(73)] ReadMemory at 0x7ff906090000 of 64 bytes failed: Only part of a ReadProcessMemory or WriteProcessMemory request was completed. (0x12B)
[1004/124300.386:WARNING:pe_image_reader.cc(340)] could not read dos header from C:\WINDOWS\SYSTEM32\UIAutomationCore.DLL
[1004/124300.386:ERROR:process_memory_win.cc(73)] ReadMemory at 0x7ff912180000 of 64 bytes failed: Only part of a ReadProcessMemory or WriteProcessMemory request was completed. (0x12B)
[1004/124300.386:WARNING:pe_image_reader.cc(340)] could not read dos header from C:\WINDOWS\SYSTEM32\Secur32.dll
[1004/124300.386:ERROR:process_memory_win.cc(73)] ReadMemory at 0x7ff921560000 of 64 bytes failed: Only part of a ReadProcessMemory or WriteProcessMemory request was completed. (0x12B)
[1004/124300.386:WARNING:pe_image_reader.cc(340)] could not read dos header from C:\WINDOWS\SYSTEM32\USERENV.dll
[1004/124300.387:ERROR:process_memory_win.cc(73)] ReadMemory at 0x7ff921720000 of 64 bytes failed: Only part of a ReadProcessMemory or WriteProcessMemory request was completed. (0x12B)
[1004/124300.387:WARNING:pe_image_reader.cc(340)] could not read dos header from C:\WINDOWS\System32\profapi.dll
[1004/124300.387:ERROR:process_memory_win.cc(73)] ReadMemory at 0x7ff9106d0000 of 64 bytes failed: Only part of a ReadProcessMemory or WriteProcessMemory request was completed. (0x12B)
[1004/124300.387:WARNING:pe_image_reader.cc(340)] could not read dos header from C:\WINDOWS\SYSTEM32\DWrite.dll
[1004/124300.387:ERROR:process_memory_win.cc(73)] ReadMemory at 0x7ff914840000 of 64 bytes failed: Only part of a ReadProcessMemory or WriteProcessMemory request was completed. (0x12B)
[1004/124300.449:WARNING:pe_image_reader.cc(340)] could not read dos header from C:\WINDOWS\SYSTEM32\WINSPOOL.DRV
[1004/124300.449:ERROR:process_memory_win.cc(73)] ReadMemory at 0x7ff921700000 of 64 bytes failed: Only part of a ReadProcessMemory or WriteProcessMemory request was completed. (0x12B)
[1004/124300.449:WARNING:pe_image_reader.cc(340)] could not read dos header from C:\WINDOWS\System32\kernel.appcore.dll
[1004/124300.449:ERROR:process_memory_win.cc(73)] ReadMemory at 0x7ff922670000 of 64 bytes failed: Only part of a ReadProcessMemory or WriteProcessMemory request was completed. (0x12B)
[1004/124300.449:WARNING:pe_image_reader.cc(340)] could not read dos header from C:\WINDOWS\System32\bcrypt.dll
[1004/124300.449:ERROR:process_memory_win.cc(73)] ReadMemory at 0x7ff91ff40000 of 64 bytes failed: Only part of a ReadProcessMemory or WriteProcessMemory request was completed. (0x12B)
[1004/124300.449:WARNING:pe_image_reader.cc(340)] could not read dos header from C:\WINDOWS\SYSTEM32\dbghelp.dll
[1004/124300.450:ERROR:process_memory_win.cc(73)] ReadMemory at 0x7ff9140f0000 of 64 bytes failed: Only part of a ReadProcessMemory or WriteProcessMemory request was completed. (0x12B)
[1004/124300.450:WARNING:pe_image_reader.cc(340)] could not read dos header from C:\WINDOWS\SYSTEM32\WINHTTP.dll
[1004/124300.450:ERROR:process_memory_win.cc(73)] ReadMemory at 0x7ff9199a0000 of 64 bytes failed: Only part of a ReadProcessMemory or WriteProcessMemory request was completed. (0x12B)
[1004/124300.450:WARNING:pe_image_reader.cc(340)] could not read dos header from C:\WINDOWS\SYSTEM32\dhcpcsvc.DLL
[1004/124300.450:ERROR:process_memory_win.cc(73)] ReadMemory at 0x7ff922ec0000 of 64 bytes failed: Only part of a ReadProcessMemory or WriteProcessMemory request was completed. (0x12B)
[1004/124300.450:WARNING:pe_image_reader.cc(340)] could not read dos header from C:\WINDOWS\System32\NSI.dll
[1004/124300.450:ERROR:process_memory_win.cc(73)] ReadMemory at 0x7ff91d570000 of 64 bytes failed: Only part of a ReadProcessMemory or WriteProcessMemory request was completed. (0x12B)
[1004/124300.450:WARNING:pe_image_reader.cc(340)] could not read dos header from C:\WINDOWS\SYSTEM32\WINMMBASE.dll
[1004/124300.450:ERROR:process_memory_win.cc(73)] ReadMemory at 0x7ff9221c0000 of 64 bytes failed: Only part of a ReadProcessMemory or WriteProcessMemory request was completed. (0x12B)
[1004/124300.450:WARNING:pe_image_reader.cc(340)] could not read dos header from C:\WINDOWS\System32\cfgmgr32.dll
[1004/124300.450:ERROR:process_memory_win.cc(73)] ReadMemory at 0x7ff91f300000 of 64 bytes failed: Only part of a ReadProcessMemory or WriteProcessMemory request was completed. (0x12B)
[1004/124300.450:WARNING:pe_image_reader.cc(340)] could not read dos header from C:\WINDOWS\SYSTEM32\PROPSYS.dll
[1004/124300.450:ERROR:process_memory_win.cc(73)] ReadMemory at 0x7ff922ad0000 of 64 bytes failed: Only part of a ReadProcessMemory or WriteProcessMemory request was completed. (0x12B)
[1004/124300.450:WARNING:pe_image_reader.cc(340)] could not read dos header from C:\WINDOWS\System32\shcore.dll
[1004/124300.450:ERROR:process_memory_win.cc(73)] ReadMemory at 0x7ff921590000 of 64 bytes failed: Only part of a ReadProcessMemory or WriteProcessMemory request was completed. (0x12B)
[1004/124300.450:WARNING:pe_image_reader.cc(340)] could not read dos header from C:\WINDOWS\SYSTEM32\SSPICLI.DLL
[1004/124300.450:ERROR:process_memory_win.cc(73)] ReadMemory at 0x7ff9210a0000 of 64 bytes failed: Only part of a ReadProcessMemory or WriteProcessMemory request was completed. (0x12B)
[1004/124300.450:WARNING:pe_image_reader.cc(340)] could not read dos header from C:\WINDOWS\SYSTEM32\CRYPTBASE.DLL
[1004/124301.274:ERROR:process_memory_win.cc(73)] ReadMemory at 0x7ff697750000 of 64 bytes failed: Only part of a ReadProcessMemory or WriteProcessMemory request was completed. (0x12B)
[1004/124301.274:WARNING:pe_image_reader.cc(340)] could not read dos header from C:\Program Files (x86)\Google\Chrome\Application\chrome.exe
[1004/124301.274:ERROR:process_memory_win.cc(73)] ReadMemory at 0x7ff9246e0000 of 64 bytes failed: Only part of a ReadProcessMemory or WriteProcessMemory request was completed. (0x12B)
[1004/124301.274:WARNING:pe_image_reader.cc(340)] could not read dos header from C:\WINDOWS\SYSTEM32\ntdll.dll
[1004/124301.274:ERROR:process_memory_win.cc(73)] ReadMemory at 0x7ff922c50000 of 64 bytes failed: Only part of a ReadProcessMemory or WriteProcessMemory request was completed. (0x12B)
[1004/124301.274:WARNING:pe_image_reader.cc(340)] could not read dos header from C:\WINDOWS\System32\KERNEL32.DLL
[1004/124301.274:ERROR:process_memory_win.cc(73)] ReadMemory at 0x7ff922310000 of 64 bytes failed: Only part of a ReadProcessMemory or WriteProcessMemory request was completed. (0x12B)
[1004/124301.274:WARNING:pe_image_reader.cc(340)] could not read dos header from C:\WINDOWS\System32\KERNELBASE.dll
[1004/124301.274:ERROR:process_memory_win.cc(73)] ReadMemory at 0x7ff8f6070000 of 64 bytes failed: Only part of a ReadProcessMemory or WriteProcessMemory request was completed. (0x12B)
[1004/124301.274:WARNING:pe_image_reader.cc(340)] could not read dos header from C:\Program Files (x86)\Google\Chrome\Application\85.0.4183.121\chrome_elf.dll
[1004/124301.274:ERROR:process_memory_win.cc(73)] ReadMemory at 0x7ff9154d0000 of 64 bytes failed: Only part of a ReadProcessMemory or WriteProcessMemory request was completed. (0x12B)
[1004/124301.274:WARNING:pe_image_reader.cc(340)] could not read dos header from C:\WINDOWS\SYSTEM32\VERSION.dll
[1004/124301.274:ERROR:process_memory_win.cc(73)] ReadMemory at 0x7ff923840000 of 64 bytes failed: Only part of a ReadProcessMemory or WriteProcessMemory request was completed. (0x12B)
[1004/124301.274:WARNING:pe_image_reader.cc(340)] could not read dos header from C:\WINDOWS\System32\msvcrt.dll
[1004/124301.274:ERROR:process_memory_win.cc(73)] ReadMemory at 0x7ff9226a0000 of 64 bytes failed: Only part of a ReadProcessMemory or WriteProcessMemory request was completed. (0x12B)
[1004/124301.274:WARNING:pe_image_reader.cc(340)] could not read dos header from C:\WINDOWS\System32\bcryptPrimitives.dll
[1004/124301.274:ERROR:process_memory_win.cc(73)] ReadMemory at 0x7ff923a40000 of 64 bytes failed: Only part of a ReadProcessMemory or WriteProcessMemory request was completed. (0x12B)
[1004/124301.274:WARNING:pe_image_reader.cc(340)] could not read dos header from C:\WINDOWS\System32\ADVAPI32.dll
[1004/124301.274:ERROR:process_memory_win.cc(73)] ReadMemory at 0x7ff923af0000 of 64 bytes failed: Only part of a ReadProcessMemory or WriteProcessMemory request was completed. (0x12B)
[1004/124301.274:WARNING:pe_image_reader.cc(340)] could not read dos header from C:\WINDOWS\System32\sechost.dll
[1004/124301.274:ERROR:process_memory_win.cc(73)] ReadMemory at 0x7ff923dc0000 of 64 bytes failed: Only part of a ReadProcessMemory or WriteProcessMemory request was completed. (0x12B)
[1004/124301.274:WARNING:pe_image_reader.cc(340)] could not read dos header from C:\WINDOWS\System32\RPCRT4.dll
[1004/124301.274:ERROR:process_memory_win.cc(73)] ReadMemory at 0x7ff8ca1f0000 of 64 bytes failed: Only part of a ReadProcessMemory or WriteProcessMemory request was completed. (0x12B)
[1004/124301.274:WARNING:pe_image_reader.cc(340)] could not read dos header from C:\Program Files (x86)\Google\Chrome\Application\85.0.4183.121\chrome.dll
[1004/124301.275:ERROR:process_memory_win.cc(73)] ReadMemory at 0x7ff922b80000 of 64 bytes failed: Only part of a ReadProcessMemory or WriteProcessMemory request was completed. (0x12B)
[1004/124301.275:WARNING:pe_image_reader.cc(340)] could not read dos header from C:\WINDOWS\System32\WS2_32.dll
[1004/124301.275:ERROR:process_memory_win.cc(73)] ReadMemory at 0x7ff923ee0000 of 64 bytes failed: Only part of a ReadProcessMemory or WriteProcessMemory request was completed. (0x12B)
[1004/124301.275:WARNING:pe_image_reader.cc(340)] could not read dos header from C:\WINDOWS\System32\OLEAUT32.dll
[1004/124301.275:ERROR:process_memory_win.cc(73)] ReadMemory at 0x7ff9218f0000 of 64 bytes failed: Only part of a ReadProcessMemory or WriteProcessMemory request was completed. (0x12B)
[1004/124301.275:WARNING:pe_image_reader.cc(340)] could not read dos header from C:\WINDOWS\System32\msvcp_win.dll
[1004/124301.275:ERROR:process_memory_win.cc(73)] ReadMemory at 0x7ff922210000 of 64 bytes failed: Only part of a ReadProcessMemory or WriteProcessMemory request was completed. (0x12B)
[1004/124301.275:WARNING:pe_image_reader.cc(340)] could not read dos header from C:\WINDOWS\System32\ucrtbase.dll
[1004/124301.275:ERROR:process_memory_win.cc(73)] ReadMemory at 0x7ff922fa0000 of 64 bytes failed: Only part of a ReadProcessMemory or WriteProcessMemory request was completed. (0x12B)
[1004/124301.275:WARNING:pe_image_reader.cc(340)] could not read dos header from C:\WINDOWS\System32\combase.dll
[1004/124301.275:ERROR:process_memory_win.cc(73)] ReadMemory at 0x7ff922160000 of 64 bytes failed: Only part of a ReadProcessMemory or WriteProcessMemory request was completed. (0x12B)
[1004/124301.275:WARNING:pe_image_reader.cc(340)] could not read dos header from C:\WINDOWS\System32\WINTRUST.dll
[1004/124301.275:ERROR:process_memory_win.cc(73)] ReadMemory at 0x7ff921690000 of 64 bytes failed: Only part of a ReadProcessMemory or WriteProcessMemory request was completed. (0x12B)
[1004/124301.275:WARNING:pe_image_reader.cc(340)] could not read dos header from C:\WINDOWS\System32\MSASN1.dll
[1004/124301.275:ERROR:process_memory_win.cc(73)] ReadMemory at 0x7ff922720000 of 64 bytes failed: Only part of a ReadProcessMemory or WriteProcessMemory request was completed. (0x12B)
[1004/124301.275:WARNING:pe_image_reader.cc(340)] could not read dos header from C:\WINDOWS\System32\CRYPT32.dll
[1004/124301.275:ERROR:process_memory_win.cc(73)] ReadMemory at 0x7ff920be0000 of 64 bytes failed: Only part of a ReadProcessMemory or WriteProcessMemory request was completed. (0x12B)
[1004/124301.275:WARNING:pe_image_reader.cc(340)] could not read dos header from C:\WINDOWS\SYSTEM32\IPHLPAPI.DLL
[1004/124301.275:ERROR:process_memory_win.cc(73)] ReadMemory at 0x7ff91d5a0000 of 64 bytes failed: Only part of a ReadProcessMemory or WriteProcessMemory request was completed. (0x12B)
[1004/124301.275:WARNING:pe_image_reader.cc(340)] could not read dos header from C:\WINDOWS\SYSTEM32\WINMM.dll
[1004/124301.275:ERROR:process_memory_win.cc(73)] ReadMemory at 0x7ff906090000 of 64 bytes failed: Only part of a ReadProcessMemory or WriteProcessMemory request was completed. (0x12B)
[1004/124301.275:WARNING:pe_image_reader.cc(340)] could not read dos header from C:\WINDOWS\SYSTEM32\UIAutomationCore.DLL
[1004/124301.275:ERROR:process_memory_win.cc(73)] ReadMemory at 0x7ff912180000 of 64 bytes failed: Only part of a ReadProcessMemory or WriteProcessMemory request was completed. (0x12B)
[1004/124301.275:WARNING:pe_image_reader.cc(340)] could not read dos header from C:\WINDOWS\SYSTEM32\Secur32.dll
[1004/124301.275:ERROR:process_memory_win.cc(73)] ReadMemory at 0x7ff921560000 of 64 bytes failed: Only part of a ReadProcessMemory or WriteProcessMemory request was completed. (0x12B)
[1004/124301.275:WARNING:pe_image_reader.cc(340)] could not read dos header from C:\WINDOWS\SYSTEM32\USERENV.dll
[1004/124301.275:ERROR:process_memory_win.cc(73)] ReadMemory at 0x7ff921720000 of 64 bytes failed: Only part of a ReadProcessMemory or WriteProcessMemory request was completed. (0x12B)
[1004/124301.275:WARNING:pe_image_reader.cc(340)] could not read dos header from C:\WINDOWS\System32\profapi.dll
[1004/124301.275:ERROR:process_memory_win.cc(73)] ReadMemory at 0x7ff9106d0000 of 64 bytes failed: Only part of a ReadProcessMemory or WriteProcessMemory request was completed. (0x12B)
[1004/124301.275:WARNING:pe_image_reader.cc(340)] could not read dos header from C:\WINDOWS\SYSTEM32\DWrite.dll
[1004/124301.275:ERROR:process_memory_win.cc(73)] ReadMemory at 0x7ff914840000 of 64 bytes failed: Only part of a ReadProcessMemory or WriteProcessMemory request was completed. (0x12B)
[1004/124301.275:WARNING:pe_image_reader.cc(340)] could not read dos header from C:\WINDOWS\SYSTEM32\WINSPOOL.DRV
[1004/124301.275:ERROR:process_memory_win.cc(73)] ReadMemory at 0x7ff921700000 of 64 bytes failed: Only part of a ReadProcessMemory or WriteProcessMemory request was completed. (0x12B)
[1004/124301.275:WARNING:pe_image_reader.cc(340)] could not read dos header from C:\WINDOWS\System32\kernel.appcore.dll
[1004/124301.275:ERROR:process_memory_win.cc(73)] ReadMemory at 0x7ff922670000 of 64 bytes failed: Only part of a ReadProcessMemory or WriteProcessMemory request was completed. (0x12B)
[1004/124301.275:WARNING:pe_image_reader.cc(340)] could not read dos header from C:\WINDOWS\System32\bcrypt.dll
[1004/124301.275:ERROR:process_memory_win.cc(73)] ReadMemory at 0x7ff91ff40000 of 64 bytes failed: Only part of a ReadProcessMemory or WriteProcessMemory request was completed. (0x12B)
[1004/124301.275:WARNING:pe_image_reader.cc(340)] could not read dos header from C:\WINDOWS\SYSTEM32\dbghelp.dll
[1004/124301.275:ERROR:process_memory_win.cc(73)] ReadMemory at 0x7ff9140f0000 of 64 bytes failed: Only part of a ReadProcessMemory or WriteProcessMemory request was completed. (0x12B)
[1004/124301.276:WARNING:pe_image_reader.cc(340)] could not read dos header from C:\WINDOWS\SYSTEM32\WINHTTP.dll
[1004/124301.276:ERROR:process_memory_win.cc(73)] ReadMemory at 0x7ff9199a0000 of 64 bytes failed: Only part of a ReadProcessMemory or WriteProcessMemory request was completed. (0x12B)
[1004/124301.276:WARNING:pe_image_reader.cc(340)] could not read dos header from C:\WINDOWS\SYSTEM32\dhcpcsvc.DLL
[1004/124301.276:ERROR:process_memory_win.cc(73)] ReadMemory at 0x7ff922ec0000 of 64 bytes failed: Only part of a ReadProcessMemory or WriteProcessMemory request was completed. (0x12B)
[1004/124301.276:WARNING:pe_image_reader.cc(340)] could not read dos header from C:\WINDOWS\System32\NSI.dll
[1004/124301.276:ERROR:process_memory_win.cc(73)] ReadMemory at 0x7ff91d570000 of 64 bytes failed: Only part of a ReadProcessMemory or WriteProcessMemory request was completed. (0x12B)
[1004/124301.276:WARNING:pe_image_reader.cc(340)] could not read dos header from C:\WINDOWS\SYSTEM32\WINMMBASE.dll
[1004/124301.276:ERROR:process_memory_win.cc(73)] ReadMemory at 0x7ff9221c0000 of 64 bytes failed: Only part of a ReadProcessMemory or WriteProcessMemory request was completed. (0x12B)
[1004/124301.276:WARNING:pe_image_reader.cc(340)] could not read dos header from C:\WINDOWS\System32\cfgmgr32.dll
[1004/124301.276:ERROR:process_memory_win.cc(73)] ReadMemory at 0x7ff91f300000 of 64 bytes failed: Only part of a ReadProcessMemory or WriteProcessMemory request was completed. (0x12B)
[1004/124301.276:WARNING:pe_image_reader.cc(340)] could not read dos header from C:\WINDOWS\SYSTEM32\PROPSYS.dll
[1004/124301.276:ERROR:process_memory_win.cc(73)] ReadMemory at 0x7ff922ad0000 of 64 bytes failed: Only part of a ReadProcessMemory or WriteProcessMemory request was completed. (0x12B)
[1004/124301.276:WARNING:pe_image_reader.cc(340)] could not read dos header from C:\WINDOWS\System32\shcore.dll
[1004/124301.276:ERROR:process_memory_win.cc(73)] ReadMemory at 0x7ff921590000 of 64 bytes failed: Only part of a ReadProcessMemory or WriteProcessMemory request was completed. (0x12B)
[1004/124301.276:WARNING:pe_image_reader.cc(340)] could not read dos header from C:\WINDOWS\SYSTEM32\SSPICLI.DLL
[1004/124301.276:ERROR:process_memory_win.cc(73)] ReadMemory at 0x7ff9210a0000 of 64 bytes failed: Only part of a ReadProcessMemory or WriteProcessMemory request was completed. (0x12B)
[1004/124301.276:WARNING:pe_image_reader.cc(340)] could not read dos header from C:\WINDOWS\SYSTEM32\CRYPTBASE.DLL
[1004/124301.276:ERROR:process_memory_win.cc(73)] ReadMemory at 0x7ff697750000 of 64 bytes failed: Only part of a ReadProcessMemory or WriteProcessMemory request was completed. (0x12B)
[1004/124301.276:WARNING:pe_image_reader.cc(340)] could not read dos header from C:\Program Files (x86)\Google\Chrome\Application\chrome.exe
[1004/124301.276:ERROR:process_memory_win.cc(73)] ReadMemory at 0x7ff9246e0000 of 64 bytes failed: Only part of a ReadProcessMemory or WriteProcessMemory request was completed. (0x12B)
[1004/124301.276:WARNING:pe_image_reader.cc(340)] could not read dos header from C:\WINDOWS\SYSTEM32\ntdll.dll
[1004/124301.276:ERROR:process_memory_win.cc(73)] ReadMemory at 0x7ff922c50000 of 64 bytes failed: Only part of a ReadProcessMemory or WriteProcessMemory request was completed. (0x12B)
[1004/124301.276:WARNING:pe_image_reader.cc(340)] could not read dos header from C:\WINDOWS\System32\KERNEL32.DLL
[1004/124301.276:ERROR:process_memory_win.cc(73)] ReadMemory at 0x7ff922310000 of 64 bytes failed: Only part of a ReadProcessMemory or WriteProcessMemory request was completed. (0x12B)
[1004/124301.276:WARNING:pe_image_reader.cc(340)] could not read dos header from C:\WINDOWS\System32\KERNELBASE.dll
[1004/124301.276:ERROR:process_memory_win.cc(73)] ReadMemory at 0x7ff8f6070000 of 64 bytes failed: Only part of a ReadProcessMemory or WriteProcessMemory request was completed. (0x12B)
[1004/124301.276:WARNING:pe_image_reader.cc(340)] could not read dos header from C:\Program Files (x86)\Google\Chrome\Application\85.0.4183.121\chrome_elf.dll
[1004/124301.276:ERROR:process_memory_win.cc(73)] ReadMemory at 0x7ff9154d0000 of 64 bytes failed: Only part of a ReadProcessMemory or WriteProcessMemory request was completed. (0x12B)
[1004/124301.276:WARNING:pe_image_reader.cc(340)] could not read dos header from C:\WINDOWS\SYSTEM32\VERSION.dll
[1004/124301.276:ERROR:process_memory_win.cc(73)] ReadMemory at 0x7ff923840000 of 64 bytes failed: Only part of a ReadProcessMemory or WriteProcessMemory request was completed. (0x12B)
[1004/124301.276:WARNING:pe_image_reader.cc(340)] could not read dos header from C:\WINDOWS\System32\msvcrt.dll
[1004/124301.276:ERROR:process_memory_win.cc(73)] ReadMemory at 0x7ff9226a0000 of 64 bytes failed: Only part of a ReadProcessMemory or WriteProcessMemory request was completed. (0x12B)
[1004/124301.276:WARNING:pe_image_reader.cc(340)] could not read dos header from C:\WINDOWS\System32\bcryptPrimitives.dll
[1004/124301.276:ERROR:process_memory_win.cc(73)] ReadMemory at 0x7ff923a40000 of 64 bytes failed: Only part of a ReadProcessMemory or WriteProcessMemory request was completed. (0x12B)
[1004/124301.276:WARNING:pe_image_reader.cc(340)] could not read dos header from C:\WINDOWS\System32\ADVAPI32.dll
[1004/124301.276:ERROR:process_memory_win.cc(73)] ReadMemory at 0x7ff923af0000 of 64 bytes failed: Only part of a ReadProcessMemory or WriteProcessMemory request was completed. (0x12B)
[1004/124301.276:WARNING:pe_image_reader.cc(340)] could not read dos header from C:\WINDOWS\System32\sechost.dll
[1004/124301.276:ERROR:process_memory_win.cc(73)] ReadMemory at 0x7ff923dc0000 of 64 bytes failed: Only part of a ReadProcessMemory or WriteProcessMemory request was completed. (0x12B)
[1004/124301.276:WARNING:pe_image_reader.cc(340)] could not read dos header from C:\WINDOWS\System32\RPCRT4.dll
[1004/124301.276:ERROR:process_memory_win.cc(73)] ReadMemory at 0x7ff8ca1f0000 of 64 bytes failed: Only part of a ReadProcessMemory or WriteProcessMemory request was completed. (0x12B)
[1004/124301.276:WARNING:pe_image_reader.cc(340)] could not read dos header from C:\Program Files (x86)\Google\Chrome\Application\85.0.4183.121\chrome.dll
[1004/124301.276:ERROR:process_memory_win.cc(73)] ReadMemory at 0x7ff922b80000 of 64 bytes failed: Only part of a ReadProcessMemory or WriteProcessMemory request was completed. (0x12B)
[1004/124301.277:WARNING:pe_image_reader.cc(340)] could not read dos header from C:\WINDOWS\System32\WS2_32.dll
[1004/124301.277:ERROR:process_memory_win.cc(73)] ReadMemory at 0x7ff923ee0000 of 64 bytes failed: Only part of a ReadProcessMemory or WriteProcessMemory request was completed. (0x12B)
[1004/124301.277:WARNING:pe_image_reader.cc(340)] could not read dos header from C:\WINDOWS\System32\OLEAUT32.dll
[1004/124301.277:ERROR:process_memory_win.cc(73)] ReadMemory at 0x7ff9218f0000 of 64 bytes failed: Only part of a ReadProcessMemory or WriteProcessMemory request was completed. (0x12B)
[1004/124301.277:WARNING:pe_image_reader.cc(340)] could not read dos header from C:\WINDOWS\System32\msvcp_win.dll
[1004/124301.277:ERROR:process_memory_win.cc(73)] ReadMemory at 0x7ff922210000 of 64 bytes failed: Only part of a ReadProcessMemory or WriteProcessMemory request was completed. (0x12B)
[1004/124301.277:WARNING:pe_image_reader.cc(340)] could not read dos header from C:\WINDOWS\System32\ucrtbase.dll
[1004/124301.277:ERROR:process_memory_win.cc(73)] ReadMemory at 0x7ff922fa0000 of 64 bytes failed: Only part of a ReadProcessMemory or WriteProcessMemory request was completed. (0x12B)
[1004/124301.277:WARNING:pe_image_reader.cc(340)] could not read dos header from C:\WINDOWS\System32\combase.dll
[1004/124301.277:ERROR:process_memory_win.cc(73)] ReadMemory at 0x7ff922160000 of 64 bytes failed: Only part of a ReadProcessMemory or WriteProcessMemory request was completed. (0x12B)
[1004/124301.277:WARNING:pe_image_reader.cc(340)] could not read dos header from C:\WINDOWS\System32\WINTRUST.dll
[1004/124301.277:ERROR:process_memory_win.cc(73)] ReadMemory at 0x7ff921690000 of 64 bytes failed: Only part of a ReadProcessMemory or WriteProcessMemory request was completed. (0x12B)
[1004/124301.277:WARNING:pe_image_reader.cc(340)] could not read dos header from C:\WINDOWS\System32\MSASN1.dll
[1004/124301.277:ERROR:process_memory_win.cc(73)] ReadMemory at 0x7ff922720000 of 64 bytes failed: Only part of a ReadProcessMemory or WriteProcessMemory request was completed. (0x12B)
[1004/124301.277:WARNING:pe_image_reader.cc(340)] could not read dos header from C:\WINDOWS\System32\CRYPT32.dll
[1004/124301.277:ERROR:process_memory_win.cc(73)] ReadMemory at 0x7ff920be0000 of 64 bytes failed: Only part of a ReadProcessMemory or WriteProcessMemory request was completed. (0x12B)
[1004/124301.277:WARNING:pe_image_reader.cc(340)] could not read dos header from C:\WINDOWS\SYSTEM32\IPHLPAPI.DLL
[1004/124301.277:ERROR:process_memory_win.cc(73)] ReadMemory at 0x7ff91d5a0000 of 64 bytes failed: Only part of a ReadProcessMemory or WriteProcessMemory request was completed. (0x12B)
[1004/124301.277:WARNING:pe_image_reader.cc(340)] could not read dos header from C:\WINDOWS\SYSTEM32\WINMM.dll
[1004/124301.277:ERROR:process_memory_win.cc(73)] ReadMemory at 0x7ff906090000 of 64 bytes failed: Only part of a ReadProcessMemory or WriteProcessMemory request was completed. (0x12B)
[1004/124301.277:WARNING:pe_image_reader.cc(340)] could not read dos header from C:\WINDOWS\SYSTEM32\UIAutomationCore.DLL
[1004/124301.277:ERROR:process_memory_win.cc(73)] ReadMemory at 0x7ff912180000 of 64 bytes failed: Only part of a ReadProcessMemory or WriteProcessMemory request was completed. (0x12B)
[1004/124301.277:WARNING:pe_image_reader.cc(340)] could not read dos header from C:\WINDOWS\SYSTEM32\Secur32.dll
[1004/124301.277:ERROR:process_memory_win.cc(73)] ReadMemory at 0x7ff921560000 of 64 bytes failed: Only part of a ReadProcessMemory or WriteProcessMemory request was completed. (0x12B)
[1004/124301.277:WARNING:pe_image_reader.cc(340)] could not read dos header from C:\WINDOWS\SYSTEM32\USERENV.dll
[1004/124301.277:ERROR:process_memory_win.cc(73)] ReadMemory at 0x7ff921720000 of 64 bytes failed: Only part of a ReadProcessMemory or WriteProcessMemory request was completed. (0x12B)
[1004/124301.277:WARNING:pe_image_reader.cc(340)] could not read dos header from C:\WINDOWS\System32\profapi.dll
[1004/124301.277:ERROR:process_memory_win.cc(73)] ReadMemory at 0x7ff9106d0000 of 64 bytes failed: Only part of a ReadProcessMemory or WriteProcessMemory request was completed. (0x12B)
[1004/124301.277:WARNING:pe_image_reader.cc(340)] could not read dos header from C:\WINDOWS\SYSTEM32\DWrite.dll
[1004/124301.277:ERROR:process_memory_win.cc(73)] ReadMemory at 0x7ff914840000 of 64 bytes failed: Only part of a ReadProcessMemory or WriteProcessMemory request was completed. (0x12B)
[1004/124301.277:WARNING:pe_image_reader.cc(340)] could not read dos header from C:\WINDOWS\SYSTEM32\WINSPOOL.DRV
[1004/124301.277:ERROR:process_memory_win.cc(73)] ReadMemory at 0x7ff921700000 of 64 bytes failed: Only part of a ReadProcessMemory or WriteProcessMemory request was completed. (0x12B)
[1004/124301.277:WARNING:pe_image_reader.cc(340)] could not read dos header from C:\WINDOWS\System32\kernel.appcore.dll
[1004/124301.277:ERROR:process_memory_win.cc(73)] ReadMemory at 0x7ff922670000 of 64 bytes failed: Only part of a ReadProcessMemory or WriteProcessMemory request was completed. (0x12B)
[1004/124301.277:WARNING:pe_image_reader.cc(340)] could not read dos header from C:\WINDOWS\System32\bcrypt.dll
[1004/124301.277:ERROR:process_memory_win.cc(73)] ReadMemory at 0x7ff91ff40000 of 64 bytes failed: Only part of a ReadProcessMemory or WriteProcessMemory request was completed. (0x12B)
[1004/124301.277:WARNING:pe_image_reader.cc(340)] could not read dos header from C:\WINDOWS\SYSTEM32\dbghelp.dll
[1004/124301.277:ERROR:process_memory_win.cc(73)] ReadMemory at 0x7ff9140f0000 of 64 bytes failed: Only part of a ReadProcessMemory or WriteProcessMemory request was completed. (0x12B)
[1004/124301.277:WARNING:pe_image_reader.cc(340)] could not read dos header from C:\WINDOWS\SYSTEM32\WINHTTP.dll
[1004/124301.277:ERROR:process_memory_win.cc(73)] ReadMemory at 0x7ff9199a0000 of 64 bytes failed: Only part of a ReadProcessMemory or WriteProcessMemory request was completed. (0x12B)
[1004/124301.277:WARNING:pe_image_reader.cc(340)] could not read dos header from C:\WINDOWS\SYSTEM32\dhcpcsvc.DLL
[1004/124301.277:ERROR:process_memory_win.cc(73)] ReadMemory at 0x7ff922ec0000 of 64 bytes failed: Only part of a ReadProcessMemory or WriteProcessMemory request was completed. (0x12B)
[1004/124301.278:WARNING:pe_image_reader.cc(340)] could not read dos header from C:\WINDOWS\System32\NSI.dll
[1004/124301.278:ERROR:process_memory_win.cc(73)] ReadMemory at 0x7ff91d570000 of 64 bytes failed: Only part of a ReadProcessMemory or WriteProcessMemory request was completed. (0x12B)
[1004/124301.278:WARNING:pe_image_reader.cc(340)] could not read dos header from C:\WINDOWS\SYSTEM32\WINMMBASE.dll
[1004/124301.278:ERROR:process_memory_win.cc(73)] ReadMemory at 0x7ff9221c0000 of 64 bytes failed: Only part of a ReadProcessMemory or WriteProcessMemory request was completed. (0x12B)
[1004/124301.278:WARNING:pe_image_reader.cc(340)] could not read dos header from C:\WINDOWS\System32\cfgmgr32.dll
[1004/124301.278:ERROR:process_memory_win.cc(73)] ReadMemory at 0x7ff91f300000 of 64 bytes failed: Only part of a ReadProcessMemory or WriteProcessMemory request was completed. (0x12B)
[1004/124301.278:WARNING:pe_image_reader.cc(340)] could not read dos header from C:\WINDOWS\SYSTEM32\PROPSYS.dll
[1004/124301.278:ERROR:process_memory_win.cc(73)] ReadMemory at 0x7ff922ad0000 of 64 bytes failed: Only part of a ReadProcessMemory or WriteProcessMemory request was completed. (0x12B)
[1004/124301.278:WARNING:pe_image_reader.cc(340)] could not read dos header from C:\WINDOWS\System32\shcore.dll
[1004/124301.278:ERROR:process_memory_win.cc(73)] ReadMemory at 0x7ff921590000 of 64 bytes failed: Only part of a ReadProcessMemory or WriteProcessMemory request was completed. (0x12B)
[1004/124301.278:WARNING:pe_image_reader.cc(340)] could not read dos header from C:\WINDOWS\SYSTEM32\SSPICLI.DLL
[1004/124301.278:ERROR:process_memory_win.cc(73)] ReadMemory at 0x7ff9210a0000 of 64 bytes failed: Only part of a ReadProcessMemory or WriteProcessMemory request was completed. (0x12B)
[1004/124301.278:WARNING:pe_image_reader.cc(340)] could not read dos header from C:\WINDOWS\SYSTEM32\CRYPTBASE.DLL
[1004/124301.670:ERROR:process_memory_win.cc(73)] ReadMemory at 0x1562bf7000 of 36864 bytes failed: Only part of a ReadProcessMemory or WriteProcessMemory request was completed. (0x12B)
[1004/124301.671:ERROR:process_memory_win.cc(73)] ReadMemory at 0x15633fd000 of 12288 bytes failed: Only part of a ReadProcessMemory or WriteProcessMemory request was completed. (0x12B)
[1004/124301.671:ERROR:process_memory_win.cc(73)] ReadMemory at 0x1563bfd000 of 12288 bytes failed: Only part of a ReadProcessMemory or WriteProcessMemory request was completed. (0x12B)
[1004/124301.671:ERROR:process_memory_win.cc(73)] ReadMemory at 0x15643fd000 of 12288 bytes failed: Only part of a ReadProcessMemory or WriteProcessMemory request was completed. (0x12B)
[1004/124301.672:ERROR:process_memory_win.cc(73)] ReadMemory at 0x1564bfb000 of 20480 bytes failed: Only part of a ReadProcessMemory or WriteProcessMemory request was completed. (0x12B)
[1004/124301.672:ERROR:process_memory_win.cc(73)] ReadMemory at 0x15653fe000 of 8192 bytes failed: Only part of a ReadProcessMemory or WriteProcessMemory request was completed. (0x12B)
[1004/124301.672:ERROR:process_memory_win.cc(73)] ReadMemory at 0x1565bfd000 of 12288 bytes failed: Only part of a ReadProcessMemory or WriteProcessMemory request was completed. (0x12B)
[1004/124301.672:ERROR:process_memory_win.cc(73)] ReadMemory at 0x15663fd000 of 12288 bytes failed: Only part of a ReadProcessMemory or WriteProcessMemory request was completed. (0x12B)
[1004/124301.673:ERROR:process_memory_win.cc(73)] ReadMemory at 0x15673fd000 of 12288 bytes failed: Only part of a ReadProcessMemory or WriteProcessMemory request was completed. (0x12B)
[1004/124301.673:ERROR:process_memory_win.cc(73)] ReadMemory at 0x1567bfd000 of 12288 bytes failed: Only part of a ReadProcessMemory or WriteProcessMemory request was completed. (0x12B)
[1004/124301.673:ERROR:process_memory_win.cc(73)] ReadMemory at 0x15683fd000 of 12288 bytes failed: Only part of a ReadProcessMemory or WriteProcessMemory request was completed. (0x12B)
[1004/124301.673:ERROR:process_memory_win.cc(73)] ReadMemory at 0x1568bfd000 of 12288 bytes failed: Only part of a ReadProcessMemory or WriteProcessMemory request was completed. (0x12B)
[1004/124301.673:ERROR:process_memory_win.cc(73)] ReadMemory at 0x1566bff000 of 4096 bytes failed: Only part of a ReadProcessMemory or WriteProcessMemory request was completed. (0x12B)
[1004/124301.673:ERROR:process_memory_win.cc(73)] ReadMemory at 0x15622d9000 of 852 bytes failed: Only part of a ReadProcessMemory or WriteProcessMemory request was completed. (0x12B)
[1004/124301.673:ERROR:process_memory_win.cc(73)] ReadMemory at 0x15622da000 of 6024 bytes failed: Only part of a ReadProcessMemory or WriteProcessMemory request was completed. (0x12B)
[1004/124301.674:ERROR:process_memory_win.cc(73)] ReadMemory at 0x15622dc000 of 6024 bytes failed: Only part of a ReadProcessMemory or WriteProcessMemory request was completed. (0x12B)
[1004/124301.674:ERROR:process_memory_win.cc(73)] ReadMemory at 0x15622de000 of 6024 bytes failed: Only part of a ReadProcessMemory or WriteProcessMemory request was completed. (0x12B)
[1004/124301.674:ERROR:process_memory_win.cc(73)] ReadMemory at 0x15622e0000 of 6024 bytes failed: Only part of a ReadProcessMemory or WriteProcessMemory request was completed. (0x12B)
[1004/124301.674:ERROR:process_memory_win.cc(73)] ReadMemory at 0x15622e2000 of 6024 bytes failed: Only part of a ReadProcessMemory or WriteProcessMemory request was completed. (0x12B)
[1004/124301.674:ERROR:process_memory_win.cc(73)] ReadMemory at 0x15622e4000 of 6024 bytes failed: Only part of a ReadProcessMemory or WriteProcessMemory request was completed. (0x12B)
[1004/124301.675:ERROR:process_memory_win.cc(73)] ReadMemory at 0x15622e6000 of 6024 bytes failed: Only part of a ReadProcessMemory or WriteProcessMemory request was completed. (0x12B)
[1004/124301.675:ERROR:process_memory_win.cc(73)] ReadMemory at 0x15622e8000 of 6024 bytes failed: Only part of a ReadProcessMemory or WriteProcessMemory request was completed. (0x12B)
[1004/124301.675:ERROR:process_memory_win.cc(73)] ReadMemory at 0x15622ec000 of 6024 bytes failed: Only part of a ReadProcessMemory or WriteProcessMemory request was completed. (0x12B)
[1004/124301.675:ERROR:process_memory_win.cc(73)] ReadMemory at 0x15622ee000 of 6024 bytes failed: Only part of a ReadProcessMemory or WriteProcessMemory request was completed. (0x12B)
[1004/124301.675:ERROR:process_memory_win.cc(73)] ReadMemory at 0x15622f0000 of 6024 bytes failed: Only part of a ReadProcessMemory or WriteProcessMemory request was completed. (0x12B)
[1004/124301.675:ERROR:process_memory_win.cc(73)] ReadMemory at 0x15622f2000 of 6024 bytes failed: Only part of a ReadProcessMemory or WriteProcessMemory request was completed. (0x12B)
[1004/124301.675:ERROR:process_memory_win.cc(73)] ReadMemory at 0x15622f4000 of 6024 bytes failed: Only part of a ReadProcessMemory or WriteProcessMemory request was completed. (0x12B)
[1004/124301.676:ERROR:process_memory_win.cc(73)] ReadMemory at 0x146abcc0c40 of 704 bytes failed: Only part of a ReadProcessMemory or WriteProcessMemory request was completed. (0x12B)
[1004/124301.676:ERROR:process_memory_win.cc(73)] ReadMemory at 0x146abcc1c00 of 512 bytes failed: Only part of a ReadProcessMemory or WriteProcessMemory request was completed. (0x12B)
[1004/124301.676:ERROR:process_memory_win.cc(73)] ReadMemory at 0x146abd00fe0 of 16896 bytes failed: Only part of a ReadProcessMemory or WriteProcessMemory request was completed. (0x12B)
[1004/124301.676:ERROR:process_memory_win.cc(73)] ReadMemory at 0x146abd051f0 of 1012 bytes failed: Only part of a ReadProcessMemory or WriteProcessMemory request was completed. (0x12B)
[1004/124301.676:ERROR:process_memory_win.cc(73)] ReadMemory at 0x146abd05838 of 118 bytes failed: Only part of a ReadProcessMemory or WriteProcessMemory request was completed. (0x12B)
[1004/124301.677:ERROR:process_memory_win.cc(73)] ReadMemory at 0x146abd058b0 of 848 bytes failed: Only part of a ReadProcessMemory or WriteProcessMemory request was completed. (0x12B)
[1004/124301.677:ERROR:process_memory_win.cc(73)] ReadMemory at 0x146abd05c02 of 118 bytes failed: Only part of a ReadProcessMemory or WriteProcessMemory request was completed. (0x12B)
[1004/124301.677:ERROR:process_memory_win.cc(73)] ReadMemory at 0x146abd05c7a of 102 bytes failed: Only part of a ReadProcessMemory or WriteProcessMemory request was completed. (0x12B)
[1004/124301.677:ERROR:process_memory_win.cc(73)] ReadMemory at 0x146abd05cf0 of 58 bytes failed: Only part of a ReadProcessMemory or WriteProcessMemory request was completed. (0x12B)
[1004/124301.677:ERROR:process_memory_win.cc(73)] ReadMemory at 0x146abd05df0 of 132 bytes failed: Only part of a ReadProcessMemory or WriteProcessMemory request was completed. (0x12B)
[1004/124301.677:ERROR:process_memory_win.cc(73)] ReadMemory at 0x146abd05f80 of 132 bytes failed: Only part of a ReadProcessMemory or WriteProcessMemory request was completed. (0x12B)
[1004/124301.677:ERROR:process_memory_win.cc(73)] ReadMemory at 0x146abd06140 of 126 bytes failed: Only part of a ReadProcessMemory or WriteProcessMemory request was completed. (0x12B)
[1004/124301.677:ERROR:process_memory_win.cc(73)] ReadMemory at 0x146abd06520 of 132 bytes failed: Only part of a ReadProcessMemory or WriteProcessMemory request was completed. (0x12B)
[1004/124301.678:ERROR:process_memory_win.cc(73)] ReadMemory at 0x146abd066b0 of 64 bytes failed: Only part of a ReadProcessMemory or WriteProcessMemory request was completed. (0x12B)
[1004/124301.678:ERROR:process_memory_win.cc(73)] ReadMemory at 0x146abd06870 of 132 bytes failed: Only part of a ReadProcessMemory or WriteProcessMemory request was completed. (0x12B)
[1004/124301.678:ERROR:process_memory_win.cc(73)] ReadMemory at 0x146abd06b10 of 132 bytes failed: Only part of a ReadProcessMemory or WriteProcessMemory request was completed. (0x12B)
[1004/124301.678:ERROR:process_memory_win.cc(73)] ReadMemory at 0x146abd06ca0 of 68 bytes failed: Only part of a ReadProcessMemory or WriteProcessMemory request was completed. (0x12B)
[1004/124301.678:ERROR:process_memory_win.cc(73)] ReadMemory at 0x146abd07da0 of 132 bytes failed: Only part of a ReadProcessMemory or WriteProcessMemory request was completed. (0x12B)
[1004/124301.678:ERROR:process_memory_win.cc(73)] ReadMemory at 0x146abd07f30 of 154 bytes failed: Only part of a ReadProcessMemory or WriteProcessMemory request was completed. (0x12B)
[1004/124301.678:ERROR:process_memory_win.cc(73)] ReadMemory at 0x146abd08dd0 of 62 bytes failed: Only part of a ReadProcessMemory or WriteProcessMemory request was completed. (0x12B)
[1004/124301.678:ERROR:process_memory_win.cc(73)] ReadMemory at 0x146abd08f30 of 132 bytes failed: Only part of a ReadProcessMemory or WriteProcessMemory request was completed. (0x12B)
[1004/124301.679:ERROR:process_memory_win.cc(73)] ReadMemory at 0x146abd090c0 of 60 bytes failed: Only part of a ReadProcessMemory or WriteProcessMemory request was completed. (0x12B)
[1004/124301.679:ERROR:process_memory_win.cc(73)] ReadMemory at 0x146abd10bb0 of 512 bytes failed: Only part of a ReadProcessMemory or WriteProcessMemory request was completed. (0x12B)
[1004/124301.679:ERROR:process_memory_win.cc(73)] ReadMemory at 0x146abd177c0 of 66 bytes failed: Only part of a ReadProcessMemory or WriteProcessMemory request was completed. (0x12B)
[1004/124301.679:ERROR:process_memory_win.cc(73)] ReadMemory at 0x146abd178b0 of 60 bytes failed: Only part of a ReadProcessMemory or WriteProcessMemory request was completed. (0x12B)
[1004/124301.679:ERROR:process_memory_win.cc(73)] ReadMemory at 0x146abd17900 of 60 bytes failed: Only part of a ReadProcessMemory or WriteProcessMemory request was completed. (0x12B)
[1004/124301.679:ERROR:process_memory_win.cc(73)] ReadMemory at 0x146abd17950 of 64 bytes failed: Only part of a ReadProcessMemory or WriteProcessMemory request was completed. (0x12B)
[1004/124301.679:ERROR:process_memory_win.cc(73)] ReadMemory at 0x146abd17ae0 of 64 bytes failed: Only part of a ReadProcessMemory or WriteProcessMemory request was completed. (0x12B)
[1004/124301.680:ERROR:process_memory_win.cc(73)] ReadMemory at 0x146abd17cc0 of 62 bytes failed: Only part of a ReadProcessMemory or WriteProcessMemory request was completed. (0x12B)
[1004/124301.680:ERROR:process_memory_win.cc(73)] ReadMemory at 0x146abd17db0 of 64 bytes failed: Only part of a ReadProcessMemory or WriteProcessMemory request was completed. (0x12B)
[1004/124301.680:ERROR:process_memory_win.cc(73)] ReadMemory at 0x146abd17e50 of 58 bytes failed: Only part of a ReadProcessMemory or WriteProcessMemory request was completed. (0x12B)
[1004/124301.680:ERROR:process_memory_win.cc(73)] ReadMemory at 0x146abd17f90 of 62 bytes failed: Only part of a ReadProcessMemory or WriteProcessMemory request was completed. (0x12B)
[1004/124301.680:ERROR:process_memory_win.cc(73)] ReadMemory at 0x146abd17fe0 of 62 bytes failed: Only part of a ReadProcessMemory or WriteProcessMemory request was completed. (0x12B)
[1004/124301.735:ERROR:process_memory_win.cc(73)] ReadMemory at 0x146abd18030 of 62 bytes failed: Only part of a ReadProcessMemory or WriteProcessMemory request was completed. (0x12B)
[1004/124301.735:ERROR:process_memory_win.cc(73)] ReadMemory at 0x146abd18170 of 64 bytes failed: Only part of a ReadProcessMemory or WriteProcessMemory request was completed. (0x12B)
[1004/124301.735:ERROR:process_memory_win.cc(73)] ReadMemory at 0x146abd18210 of 60 bytes failed: Only part of a ReadProcessMemory or WriteProcessMemory request was completed. (0x12B)
[1004/124301.736:ERROR:process_memory_win.cc(73)] ReadMemory at 0x146abd183a0 of 64 bytes failed: Only part of a ReadProcessMemory or WriteProcessMemory request was completed. (0x12B)
[1004/124301.736:ERROR:process_memory_win.cc(73)] ReadMemory at 0x146abd18490 of 62 bytes failed: Only part of a ReadProcessMemory or WriteProcessMemory request was completed. (0x12B)
[1004/124301.736:ERROR:process_memory_win.cc(73)] ReadMemory at 0x146abd18530 of 62 bytes failed: Only part of a ReadProcessMemory or WriteProcessMemory request was completed. (0x12B)
[1004/124301.737:ERROR:process_memory_win.cc(73)] ReadMemory at 0x146abd1c3d0 of 80 bytes failed: Only part of a ReadProcessMemory or WriteProcessMemory request was completed. (0x12B)
[1004/124301.737:ERROR:process_memory_win.cc(73)] ReadMemory at 0x146abd1cf20 of 132 bytes failed: Only part of a ReadProcessMemory or WriteProcessMemory request was completed. (0x12B)
[1004/124301.737:ERROR:process_memory_win.cc(73)] ReadMemory at 0x146abd1d340 of 132 bytes failed: Only part of a ReadProcessMemory or WriteProcessMemory request was completed. (0x12B)
[1004/124301.737:ERROR:process_memory_win.cc(73)] ReadMemory at 0x146abd1dcf0 of 132 bytes failed: Only part of a ReadProcessMemory or WriteProcessMemory request was completed. (0x12B)
[1004/124301.737:ERROR:process_memory_win.cc(73)] ReadMemory at 0x146abd1de20 of 132 bytes failed: Only part of a ReadProcessMemory or WriteProcessMemory request was completed. (0x12B)
[1004/124301.738:ERROR:process_memory_win.cc(73)] ReadMemory at 0x146abd1e080 of 132 bytes failed: Only part of a ReadProcessMemory or WriteProcessMemory request was completed. (0x12B)
[1004/124301.738:ERROR:process_memory_win.cc(73)] ReadMemory at 0x146abd1e1b0 of 132 bytes failed: Only part of a ReadProcessMemory or WriteProcessMemory request was completed. (0x12B)
[1004/124301.738:ERROR:process_memory_win.cc(73)] ReadMemory at 0x146abd1e2e0 of 132 bytes failed: Only part of a ReadProcessMemory or WriteProcessMemory request was completed. (0x12B)
[1004/124301.738:ERROR:process_memory_win.cc(73)] ReadMemory at 0x146abd1e410 of 132 bytes failed: Only part of a ReadProcessMemory or WriteProcessMemory request was completed. (0x12B)
[1004/124301.739:ERROR:process_memory_win.cc(73)] ReadMemory at 0x146abd1e540 of 132 bytes failed: Only part of a ReadProcessMemory or WriteProcessMemory request was completed. (0x12B)
[1004/124301.739:ERROR:process_memory_win.cc(73)] ReadMemory at 0x146abd1e670 of 132 bytes failed: Only part of a ReadProcessMemory or WriteProcessMemory request was completed. (0x12B)
[1004/124301.739:ERROR:process_memory_win.cc(73)] ReadMemory at 0x146abd1e7a0 of 132 bytes failed: Only part of a ReadProcessMemory or WriteProcessMemory request was completed. (0x12B)
[1004/124301.740:ERROR:process_memory_win.cc(73)] ReadMemory at 0x146abd1e8d0 of 132 bytes failed: Only part of a ReadProcessMemory or WriteProcessMemory request was completed. (0x12B)
[1004/124301.740:ERROR:process_memory_win.cc(73)] ReadMemory at 0x146abd1ea00 of 132 bytes failed: Only part of a ReadProcessMemory or WriteProcessMemory request was completed. (0x12B)
[1004/124301.740:ERROR:process_memory_win.cc(73)] ReadMemory at 0x146abd1eb30 of 132 bytes failed: Only part of a ReadProcessMemory or WriteProcessMemory request was completed. (0x12B)
[1004/124301.740:ERROR:process_memory_win.cc(73)] ReadMemory at 0x146abd22ff0 of 132 bytes failed: Only part of a ReadProcessMemory or WriteProcessMemory request was completed. (0x12B)
[1004/124301.741:ERROR:process_memory_win.cc(73)] ReadMemory at 0x146abd23210 of 132 bytes failed: Only part of a ReadProcessMemory or WriteProcessMemory request was completed. (0x12B)
[1004/124301.741:ERROR:process_memory_win.cc(73)] ReadMemory at 0x146abd23570 of 132 bytes failed: Only part of a ReadProcessMemory or WriteProcessMemory request was completed. (0x12B)
[1004/124301.741:ERROR:process_memory_win.cc(73)] ReadMemory at 0x146abd23d00 of 54 bytes failed: Only part of a ReadProcessMemory or WriteProcessMemory request was completed. (0x12B)
[1004/124301.741:ERROR:process_memory_win.cc(73)] ReadMemory at 0x146abd25100 of 132 bytes failed: Only part of a ReadProcessMemory or WriteProcessMemory request was completed. (0x12B)
[1004/124301.742:ERROR:process_memory_win.cc(73)] ReadMemory at 0x146abd25390 of 146 bytes failed: Only part of a ReadProcessMemory or WriteProcessMemory request was completed. (0x12B)
[1004/124301.742:ERROR:process_memory_win.cc(73)] ReadMemory at 0x146abd25870 of 132 bytes failed: Only part of a ReadProcessMemory or WriteProcessMemory request was completed. (0x12B)
[1004/124301.742:ERROR:process_memory_win.cc(73)] ReadMemory at 0x146abd27d40 of 132 bytes failed: Only part of a ReadProcessMemory or WriteProcessMemory request was completed. (0x12B)
[1004/124301.743:ERROR:process_memory_win.cc(73)] ReadMemory at 0x146abd2b9a0 of 132 bytes failed: Only part of a ReadProcessMemory or WriteProcessMemory request was completed. (0x12B)
[1004/124301.743:ERROR:process_memory_win.cc(73)] ReadMemory at 0x146abd2bcf0 of 132 bytes failed: Only part of a ReadProcessMemory or WriteProcessMemory request was completed. (0x12B)
[1004/124301.743:ERROR:process_memory_win.cc(73)] ReadMemory at 0x146abd2bfc0 of 76 bytes failed: Only part of a ReadProcessMemory or WriteProcessMemory request was completed. (0x12B)
[1004/124301.743:ERROR:process_memory_win.cc(73)] ReadMemory at 0x146abd2c800 of 80 bytes failed: Only part of a ReadProcessMemory or WriteProcessMemory request was completed. (0x12B)
[1004/124301.744:ERROR:process_memory_win.cc(73)] ReadMemory at 0x146abd2d1d0 of 132 bytes failed: Only part of a ReadProcessMemory or WriteProcessMemory request was completed. (0x12B)
[1004/124301.744:ERROR:process_memory_win.cc(73)] ReadMemory at 0x146abd2d690 of 132 bytes failed: Only part of a ReadProcessMemory or WriteProcessMemory request was completed. (0x12B)
[1004/124301.744:ERROR:process_memory_win.cc(73)] ReadMemory at 0x146abd2da20 of 132 bytes failed: Only part of a ReadProcessMemory or WriteProcessMemory request was completed. (0x12B)
[1004/124301.744:ERROR:process_memory_win.cc(73)] ReadMemory at 0x146abd2dc80 of 132 bytes failed: Only part of a ReadProcessMemory or WriteProcessMemory request was completed. (0x12B)
[1004/124301.745:ERROR:process_memory_win.cc(73)] ReadMemory at 0x146abd2e010 of 132 bytes failed: Only part of a ReadProcessMemory or WriteProcessMemory request was completed. (0x12B)
[1004/124301.745:ERROR:process_memory_win.cc(73)] ReadMemory at 0x146abd2e140 of 132 bytes failed: Only part of a ReadProcessMemory or WriteProcessMemory request was completed. (0x12B)
[1004/124301.745:ERROR:process_memory_win.cc(73)] ReadMemory at 0x146abd2e3a0 of 132 bytes failed: Only part of a ReadProcessMemory or WriteProcessMemory request was completed. (0x12B)
[1004/124301.746:ERROR:process_memory_win.cc(73)] ReadMemory at 0x146abd2e4d0 of 132 bytes failed: Only part of a ReadProcessMemory or WriteProcessMemory request was completed. (0x12B)
[1004/124301.746:ERROR:process_memory_win.cc(73)] ReadMemory at 0x146abd2e730 of 132 bytes failed: Only part of a ReadProcessMemory or WriteProcessMemory request was completed. (0x12B)
[1004/124301.746:ERROR:process_memory_win.cc(73)] ReadMemory at 0x146abd2ed20 of 132 bytes failed: Only part of a ReadProcessMemory or WriteProcessMemory request was completed. (0x12B)
[1004/124301.746:ERROR:process_memory_win.cc(73)] ReadMemory at 0x146abd2fd50 of 62 bytes failed: Only part of a ReadProcessMemory or WriteProcessMemory request was completed. (0x12B)
[1004/124301.747:ERROR:process_memory_win.cc(73)] ReadMemory at 0x146abd2fda0 of 62 bytes failed: Only part of a ReadProcessMemory or WriteProcessMemory request was completed. (0x12B)
[1004/124301.747:ERROR:process_memory_win.cc(73)] ReadMemory at 0x146abd2fee0 of 66 bytes failed: Only part of a ReadProcessMemory or WriteProcessMemory request was completed. (0x12B)
[1004/124301.747:ERROR:process_memory_win.cc(73)] ReadMemory at 0x146abd2ff80 of 64 bytes failed: Only part of a ReadProcessMemory or WriteProcessMemory request was completed. (0x12B)
[1004/124301.747:ERROR:process_memory_win.cc(73)] ReadMemory at 0x146abd300c0 of 62 bytes failed: Only part of a ReadProcessMemory or WriteProcessMemory request was completed. (0x12B)
[1004/124301.747:ERROR:process_memory_win.cc(73)] ReadMemory at 0x146abd30110 of 64 bytes failed: Only part of a ReadProcessMemory or WriteProcessMemory request was completed. (0x12B)
[1004/124301.748:ERROR:process_memory_win.cc(73)] ReadMemory at 0x146abd30200 of 60 bytes failed: Only part of a ReadProcessMemory or WriteProcessMemory request was completed. (0x12B)
[1004/124301.748:ERROR:process_memory_win.cc(73)] ReadMemory at 0x146abd30250 of 60 bytes failed: Only part of a ReadProcessMemory or WriteProcessMemory request was completed. (0x12B)
[1004/124301.748:ERROR:process_memory_win.cc(73)] ReadMemory at 0x146abd303e0 of 64 bytes failed: Only part of a ReadProcessMemory or WriteProcessMemory request was completed. (0x12B)
[1004/124301.749:ERROR:process_memory_win.cc(73)] ReadMemory at 0x146abd30430 of 62 bytes failed: Only part of a ReadProcessMemory or WriteProcessMemory request was completed. (0x12B)
[1004/124301.749:ERROR:process_memory_win.cc(73)] ReadMemory at 0x146abd30a20 of 60 bytes failed: Only part of a ReadProcessMemory or WriteProcessMemory request was completed. (0x12B)
[1004/124301.749:ERROR:process_memory_win.cc(73)] ReadMemory at 0x146abd8c290 of 640 bytes failed: Only part of a ReadProcessMemory or WriteProcessMemory request was completed. (0x12B)
[1004/124301.749:ERROR:process_memory_win.cc(73)] ReadMemory at 0x146abd9ba30 of 512 bytes failed: Only part of a ReadProcessMemory or WriteProcessMemory request was completed. (0x12B)
[1004/124301.750:ERROR:process_memory_win.cc(73)] ReadMemory at 0x146abd9dc40 of 512 bytes failed: Only part of a ReadProcessMemory or WriteProcessMemory request was completed. (0x12B)
[1004/124301.750:ERROR:process_memory_win.cc(73)] ReadMemory at 0x146abdb5e50 of 512 bytes failed: Only part of a ReadProcessMemory or WriteProcessMemory request was completed. (0x12B)
[1004/124301.750:ERROR:process_memory_win.cc(73)] ReadMemory at 0x146abdb7d20 of 512 bytes failed: Only part of a ReadProcessMemory or WriteProcessMemory request was completed. (0x12B)
[1004/124301.750:ERROR:process_memory_win.cc(73)] ReadMemory at 0x146abdbcbb0 of 512 bytes failed: Only part of a ReadProcessMemory or WriteProcessMemory request was completed. (0x12B)
[1004/124301.751:ERROR:process_memory_win.cc(73)] ReadMemory at 0x146abdbfe80 of 512 bytes failed: Only part of a ReadProcessMemory or WriteProcessMemory request was completed. (0x12B)
[1004/124301.751:ERROR:process_memory_win.cc(73)] ReadMemory at 0x146abdcadb0 of 512 bytes failed: Only part of a ReadProcessMemory or WriteProcessMemory request was completed. (0x12B)
[1004/124301.751:ERROR:process_memory_win.cc(73)] ReadMemory at 0x146abdd3dc0 of 712 bytes failed: Only part of a ReadProcessMemory or WriteProcessMemory request was completed. (0x12B)
[1004/124301.752:ERROR:process_memory_win.cc(73)] ReadMemory at 0x146ad696d12 of 512 bytes failed: Only part of a ReadProcessMemory or WriteProcessMemory request was completed. (0x12B)
[1004/124301.752:ERROR:process_memory_win.cc(73)] ReadMemory at 0x146ad696fc4 of 608 bytes failed: Only part of a ReadProcessMemory or WriteProcessMemory request was completed. (0x12B)
[1004/124301.752:ERROR:process_memory_win.cc(73)] ReadMemory at 0x146ad75f9c0 of 512 bytes failed: Only part of a ReadProcessMemory or WriteProcessMemory request was completed. (0x12B)
[1004/124301.753:ERROR:process_memory_win.cc(73)] ReadMemory at 0x592ea02b8c0 of 520 bytes failed: Only part of a ReadProcessMemory or WriteProcessMemory request was completed. (0x12B)
[1004/124301.753:ERROR:process_memory_win.cc(73)] ReadMemory at 0x592ea1a3f80 of 520 bytes failed: Only part of a ReadProcessMemory or WriteProcessMemory request was completed. (0x12B)
[1004/124301.753:ERROR:process_memory_win.cc(73)] ReadMemory at 0x7ff8cf5a07d0 of 512 bytes failed: Only part of a ReadProcessMemory or WriteProcessMemory request was completed. (0x12B)
[1004/124301.754:ERROR:process_memory_win.cc(73)] ReadMemory at 0x7ff8d229b508 of 512 bytes failed: Only part of a ReadProcessMemory or WriteProcessMemory request was completed. (0x12B)
[1004/124301.754:ERROR:process_memory_win.cc(73)] ReadMemory at 0x7ff8d2a7e1c0 of 512 bytes failed: Only part of a ReadProcessMemory or WriteProcessMemory request was completed. (0x12B)
[1004/124301.754:ERROR:process_memory_win.cc(73)] ReadMemory at 0x7ff8d2a7e970 of 512 bytes failed: Only part of a ReadProcessMemory or WriteProcessMemory request was completed. (0x12B)
[1004/124301.754:ERROR:process_memory_win.cc(73)] ReadMemory at 0x7ff8d2b49f50 of 512 bytes failed: Only part of a ReadProcessMemory or WriteProcessMemory request was completed. (0x12B)
[1004/124301.755:ERROR:process_memory_win.cc(73)] ReadMemory at 0x7ff8f60a5160 of 512 bytes failed: Only part of a ReadProcessMemory or WriteProcessMemory request was completed. (0x12B)
[1004/124301.755:ERROR:process_memory_win.cc(73)] ReadMemory at 0x7ff8f60a5867 of 512 bytes failed: Only part of a ReadProcessMemory or WriteProcessMemory request was completed. (0x12B)
[1004/124301.755:ERROR:process_memory_win.cc(73)] ReadMemory at 0x7ff922c71f80 of 512 bytes failed: Only part of a ReadProcessMemory or WriteProcessMemory request was completed. (0x12B)
[1004/124301.800:ERROR:process_memory_win.cc(73)] ReadMemory at 0x7ff92477c074 of 672 bytes failed: Only part of a ReadProcessMemory or WriteProcessMemory request was completed. (0x12B)
[1004/124301.800:ERROR:process_memory_win.cc(73)] ReadMemory at 0x7ff92477f924 of 608 bytes failed: Only part of a ReadProcessMemory or WriteProcessMemory request was completed. (0x12B)
[1004/124301.800:ERROR:process_memory_win.cc(73)] ReadMemory at 0x7ff92480c428 of 18 bytes failed: Only part of a ReadProcessMemory or WriteProcessMemory request was completed. (0x12B)
[1004/124301.800:ERROR:process_memory_win.cc(73)] ReadMemory at 0x7ff92483f4f8 of 40 bytes failed: Only part of a ReadProcessMemory or WriteProcessMemory request was completed. (0x12B)
[1004/124301.801:ERROR:process_memory_win.cc(73)] ReadMemory at 0x7ff92483f978 of 48 bytes failed: Only part of a ReadProcessMemory or WriteProcessMemory request was completed. (0x12B)
[1004/124301.801:ERROR:process_memory_win.cc(73)] ReadMemory at 0x7ff9248453c0 of 64 bytes failed: Only part of a ReadProcessMemory or WriteProcessMemory request was completed. (0x12B)
[1004/124302.628:ERROR:scoped_process_suspend.cc(40)] NtResumeProcess: An attempt was made to access an exiting process. (0xc000010a)
